<?xml version="1.0" encoding="UTF-8"?>
<testng-results skipped="0" failed="0" total="0" passed="0">
  <reporter-output>
  </reporter-output>
  <suite name="Surefire suite" duration-ms="112431" started-at="2021-12-10T10:17:31Z" finished-at="2021-12-10T10:19:24Z">
    <groups>
    </groups>
    <test name="Surefire test" duration-ms="112431" started-at="2021-12-10T10:17:31Z" finished-at="2021-12-10T10:19:24Z">
    </test> <!-- Surefire test -->
  </suite> <!-- Surefire suite -->
</testng-results>
